<?xml version="1.0" encoding="UTF-8"?>
<robot generator="Robot 3.2.1 (Python 3.8.3 on win32)" generated="20210211 09:52:49.456" rpa="false">
<suite id="s1" name="RobotFramework" source="P:\Desktop\GitHub\RobotFramework">
<suite id="s1-s1" name="RobotTest" source="P:\Desktop\GitHub\RobotFramework\RobotTest">
<suite id="s1-s1-s1" name="TestCases" source="P:\Desktop\GitHub\RobotFramework\RobotTest\TestCases">
<suite id="s1-s1-s1-s1" name="DataDrivenTesting" source="P:\Desktop\GitHub\RobotFramework\RobotTest\TestCases\DataDrivenTesting.robot">
<test id="s1-s1-s1-s1-t1" name="PHPTRAVELS | Travel Technology Partner test">
<kw name="Set Selenium Speed" library="Selenium2Library">
<doc>Sets the delay that is waited after each Selenium command.</doc>
<arguments>
<arg>1</arg>
</arguments>
<status status="PASS" starttime="20210211 09:52:49.998" endtime="20210211 09:52:49.998"></status>
</kw>
<kw name="Open Browser" library="Selenium2Library">
<doc>Opens a new browser instance to the optional ``url``.</doc>
<arguments>
<arg>https://www.phptravels.net/home</arg>
<arg>${BROWSER}</arg>
</arguments>
<msg timestamp="20210211 09:52:50.000" level="INFO">Opening browser 'chrome' to base url 'https://www.phptravels.net/home'.</msg>
<status status="PASS" starttime="20210211 09:52:49.999" endtime="20210211 09:52:57.461"></status>
</kw>
<kw name="Maximize Browser Window" library="Selenium2Library">
<doc>Maximizes current browser window.</doc>
<status status="PASS" starttime="20210211 09:52:57.462" endtime="20210211 09:52:58.746"></status>
</kw>
<kw name="Click Element" library="Selenium2Library">
<doc>Click the element identified by ``locator``.</doc>
<arguments>
<arg>//span[text()='Search by Hotel or City Name']</arg>
</arguments>
<msg timestamp="20210211 09:52:58.749" level="INFO">Clicking element '//span[text()='Search by Hotel or City Name']'.</msg>
<status status="PASS" starttime="20210211 09:52:58.747" endtime="20210211 09:53:00.915"></status>
</kw>
<kw name="Input Text" library="Selenium2Library">
<doc>Types the given ``text`` into the text field identified by ``locator``.</doc>
<arguments>
<arg>//*[@id="select2-drop"]/div/input</arg>
<arg>London</arg>
</arguments>
<msg timestamp="20210211 09:53:00.917" level="INFO">Typing text 'London' into text field '//*[@id="select2-drop"]/div/input'.</msg>
<status status="PASS" starttime="20210211 09:53:00.916" endtime="20210211 09:53:04.135"></status>
</kw>
<kw name="Click Element" library="Selenium2Library">
<doc>Click the element identified by ``locator``.</doc>
<arguments>
<arg>//*[@id="select2-drop"]/ul/li/ul/li[1]/div</arg>
</arguments>
<msg timestamp="20210211 09:53:04.138" level="INFO">Clicking element '//*[@id="select2-drop"]/ul/li/ul/li[1]/div'.</msg>
<status status="PASS" starttime="20210211 09:53:04.136" endtime="20210211 09:53:06.377"></status>
</kw>
<kw name="Input Text" library="Selenium2Library">
<doc>Types the given ``text`` into the text field identified by ``locator``.</doc>
<arguments>
<arg>//input[@name="checkin"]</arg>
<arg>31-03-2021</arg>
</arguments>
<msg timestamp="20210211 09:53:06.379" level="INFO">Typing text '31-03-2021' into text field '//input[@name="checkin"]'.</msg>
<status status="PASS" starttime="20210211 09:53:06.378" endtime="20210211 09:53:09.692"></status>
</kw>
<kw name="Input Text" library="Selenium2Library">
<doc>Types the given ``text`` into the text field identified by ``locator``.</doc>
<arguments>
<arg>//input[@name="checkout"]</arg>
<arg>30-04-2021</arg>
</arguments>
<msg timestamp="20210211 09:53:09.693" level="INFO">Typing text '30-04-2021' into text field '//input[@name="checkout"]'.</msg>
<status status="PASS" starttime="20210211 09:53:09.692" endtime="20210211 09:53:12.883"></status>
</kw>
<kw name="Click Element" library="Selenium2Library">
<doc>Click the element identified by ``locator``.</doc>
<arguments>
<arg>//button[@class="btn btn-primary btn-block"]</arg>
</arguments>
<msg timestamp="20210211 09:53:12.885" level="INFO">Clicking element '//button[@class="btn btn-primary btn-block"]'.</msg>
<status status="PASS" starttime="20210211 09:53:12.884" endtime="20210211 09:53:17.676"></status>
</kw>
<kw name="Click Link" library="Selenium2Library">
<doc>Clicks a link identified by ``locator``.</doc>
<arguments>
<arg>//div[@Class='ml-auto rtl-mr-auto o1']/a</arg>
</arguments>
<msg timestamp="20210211 09:53:17.677" level="INFO">Clicking link '//div[@Class='ml-auto rtl-mr-auto o1']/a'.</msg>
<status status="PASS" starttime="20210211 09:53:17.676" endtime="20210211 09:53:26.012"></status>
</kw>
<kw name="Close Browser" library="Selenium2Library">
<doc>Closes the current browser.</doc>
<status status="PASS" starttime="20210211 09:53:26.012" endtime="20210211 09:53:29.373"></status>
</kw>
<status status="PASS" starttime="20210211 09:52:49.997" endtime="20210211 09:53:29.374" critical="yes"></status>
</test>
<kw name="Suite shutdown" type="teardown">
<kw name="Close Browser" library="Selenium2Library">
<doc>Closes the current browser.</doc>
<status status="PASS" starttime="20210211 09:53:29.376" endtime="20210211 09:53:29.377"></status>
</kw>
<status status="PASS" starttime="20210211 09:53:29.375" endtime="20210211 09:53:29.378"></status>
</kw>
<doc>This is a test got Git test test test test test test</doc>
<status status="PASS" starttime="20210211 09:52:49.588" endtime="20210211 09:53:29.378"></status>
</suite>
<status status="PASS" starttime="20210211 09:52:49.576" endtime="20210211 09:53:29.384"></status>
</suite>
<status status="PASS" starttime="20210211 09:52:49.568" endtime="20210211 09:53:29.390"></status>
</suite>
<status status="PASS" starttime="20210211 09:52:49.520" endtime="20210211 09:53:29.393"></status>
</suite>
<statistics>
<total>
<stat pass="1" fail="0">Critical Tests</stat>
<stat pass="1" fail="0">All Tests</stat>
</total>
<tag>
</tag>
<suite>
<stat pass="1" fail="0" id="s1" name="RobotFramework">RobotFramework</stat>
<stat pass="1" fail="0" id="s1-s1" name="RobotTest">RobotFramework.RobotTest</stat>
<stat pass="1" fail="0" id="s1-s1-s1" name="TestCases">RobotFramework.RobotTest.TestCases</stat>
<stat pass="1" fail="0" id="s1-s1-s1-s1" name="DataDrivenTesting">RobotFramework.RobotTest.TestCases.DataDrivenTesting</stat>
</suite>
</statistics>
<errors>
</errors>
</robot>
