<?xml version="1.0" encoding="UTF-8"?>
<robot generator="Robot 3.2.1 (Python 3.8.3 on win32)" generated="20210201 16:36:32.016" rpa="false">
<suite id="s1" name="RobotFramework" source="P:\Desktop\GitHub\RobotFramework">
<suite id="s1-s1" name="RobotTest" source="P:\Desktop\GitHub\RobotFramework\RobotTest">
<suite id="s1-s1-s1" name="TestCases" source="P:\Desktop\GitHub\RobotFramework\RobotTest\TestCases">
<suite id="s1-s1-s1-s1" name="Test My Store" source="P:\Desktop\GitHub\RobotFramework\RobotTest\TestCases\Test My Store.robot">
<test id="s1-s1-s1-s1-t1" name="TC001">
<kw name="Launch the website" library="LandingPage">
<kw name="Open Browser" library="Selenium2Library">
<doc>Opens a new browser instance to the optional ``url``.</doc>
<arguments>
<arg>${url}</arg>
<arg>Chrome</arg>
</arguments>
<msg timestamp="20210201 16:36:32.591" level="INFO">Opening browser 'Chrome' to base url 'http://automationpractice.com/index.php'.</msg>
<status status="PASS" starttime="20210201 16:36:32.589" endtime="20210201 16:36:36.437"></status>
</kw>
<status status="PASS" starttime="20210201 16:36:32.588" endtime="20210201 16:36:36.439"></status>
</kw>
<timeout value="50 seconds"></timeout>
<status status="PASS" starttime="20210201 16:36:32.587" endtime="20210201 16:36:36.440" critical="yes"></status>
</test>
<doc>This is test again</doc>
<status status="PASS" starttime="20210201 16:36:32.194" endtime="20210201 16:36:36.442"></status>
</suite>
<status status="PASS" starttime="20210201 16:36:32.181" endtime="20210201 16:36:36.448"></status>
</suite>
<status status="PASS" starttime="20210201 16:36:32.169" endtime="20210201 16:36:36.455"></status>
</suite>
<status status="PASS" starttime="20210201 16:36:32.114" endtime="20210201 16:36:36.460"></status>
</suite>
<statistics>
<total>
<stat pass="1" fail="0">Critical Tests</stat>
<stat pass="1" fail="0">All Tests</stat>
</total>
<tag>
</tag>
<suite>
<stat pass="1" fail="0" id="s1" name="RobotFramework">RobotFramework</stat>
<stat pass="1" fail="0" id="s1-s1" name="RobotTest">RobotFramework.RobotTest</stat>
<stat pass="1" fail="0" id="s1-s1-s1" name="TestCases">RobotFramework.RobotTest.TestCases</stat>
<stat pass="1" fail="0" id="s1-s1-s1-s1" name="Test My Store">RobotFramework.RobotTest.TestCases.Test My Store</stat>
</suite>
</statistics>
<errors>
</errors>
</robot>
