<?xml version="1.0" encoding="UTF-8"?>
<robot generator="Robot 3.2.1 (Python 3.8.3 on win32)" generated="20210201 17:16:49.935" rpa="false">
<suite id="s1" name="RobotFramework" source="P:\Desktop\GitHub\RobotFramework">
<suite id="s1-s1" name="RobotTest" source="P:\Desktop\GitHub\RobotFramework\RobotTest">
<suite id="s1-s1-s1" name="TestCases" source="P:\Desktop\GitHub\RobotFramework\RobotTest\TestCases">
<suite id="s1-s1-s1-s1" name="Test My Store" source="P:\Desktop\GitHub\RobotFramework\RobotTest\TestCases\Test My Store.robot">
<test id="s1-s1-s1-s1-t1" name="TC001">
<kw name="Launch the website" library="LandingPage">
<kw name="Open Browser" library="Selenium2Library">
<doc>Opens a new browser instance to the optional ``url``.</doc>
<arguments>
<arg>${url}</arg>
<arg>Chrome</arg>
</arguments>
<msg timestamp="20210201 17:16:50.330" level="INFO">Opening browser 'Chrome' to base url 'http://automationpractice.com/index.php'.</msg>
<status status="PASS" starttime="20210201 17:16:50.326" endtime="20210201 17:16:54.184"></status>
</kw>
<status status="PASS" starttime="20210201 17:16:50.326" endtime="20210201 17:16:54.186"></status>
</kw>
<timeout value="50 seconds"></timeout>
<status status="PASS" starttime="20210201 17:16:50.325" endtime="20210201 17:16:54.186" critical="yes"></status>
</test>
<doc>This is test again</doc>
<status status="PASS" starttime="20210201 17:16:50.032" endtime="20210201 17:16:54.188"></status>
</suite>
<status status="PASS" starttime="20210201 17:16:50.023" endtime="20210201 17:16:54.194"></status>
</suite>
<status status="PASS" starttime="20210201 17:16:50.016" endtime="20210201 17:16:54.202"></status>
</suite>
<status status="PASS" starttime="20210201 17:16:49.985" endtime="20210201 17:16:54.206"></status>
</suite>
<statistics>
<total>
<stat pass="1" fail="0">Critical Tests</stat>
<stat pass="1" fail="0">All Tests</stat>
</total>
<tag>
</tag>
<suite>
<stat pass="1" fail="0" id="s1" name="RobotFramework">RobotFramework</stat>
<stat pass="1" fail="0" id="s1-s1" name="RobotTest">RobotFramework.RobotTest</stat>
<stat pass="1" fail="0" id="s1-s1-s1" name="TestCases">RobotFramework.RobotTest.TestCases</stat>
<stat pass="1" fail="0" id="s1-s1-s1-s1" name="Test My Store">RobotFramework.RobotTest.TestCases.Test My Store</stat>
</suite>
</statistics>
<errors>
</errors>
</robot>
