<?xml version="1.0" encoding="UTF-8"?>
<robot generator="Robot 3.2.1 (Python 3.8.3 on win32)" generated="20210210 16:26:40.373" rpa="false">
<suite id="s1" name="RobotFramework" source="P:\Desktop\GitHub\RobotFramework">
<suite id="s1-s1" name="RobotTest" source="P:\Desktop\GitHub\RobotFramework\RobotTest">
<suite id="s1-s1-s1" name="TestCases" source="P:\Desktop\GitHub\RobotFramework\RobotTest\TestCases">
<suite id="s1-s1-s1-s1" name="DataDrivenTesting" source="P:\Desktop\GitHub\RobotFramework\RobotTest\TestCases\DataDrivenTesting.robot">
<test id="s1-s1-s1-s1-t1" name="PHPTRAVELS | Travel Technology Partner test">
<kw name="Set Selenium Speed" library="Selenium2Library">
<doc>Sets the delay that is waited after each Selenium command.</doc>
<arguments>
<arg>1</arg>
</arguments>
<status status="PASS" starttime="20210210 16:26:43.115" endtime="20210210 16:26:43.116"></status>
</kw>
<kw name="Open Browser" library="Selenium2Library">
<doc>Opens a new browser instance to the optional ``url``.</doc>
<arguments>
<arg>https://www.phptravels.net/home</arg>
<arg>${BROWSER}</arg>
</arguments>
<msg timestamp="20210210 16:26:43.117" level="INFO">Opening browser 'chrome' to base url 'https://www.phptravels.net/home'.</msg>
<status status="PASS" starttime="20210210 16:26:43.116" endtime="20210210 16:26:50.721"></status>
</kw>
<kw name="Maximize Browser Window" library="Selenium2Library">
<doc>Maximizes current browser window.</doc>
<status status="PASS" starttime="20210210 16:26:50.721" endtime="20210210 16:26:52.071"></status>
</kw>
<kw name="Click Element" library="Selenium2Library">
<doc>Click the element identified by ``locator``.</doc>
<arguments>
<arg>//span[text()='Search by Hotel or City Name']</arg>
</arguments>
<msg timestamp="20210210 16:26:52.072" level="INFO">Clicking element '//span[text()='Search by Hotel or City Name']'.</msg>
<status status="PASS" starttime="20210210 16:26:52.072" endtime="20210210 16:26:54.228"></status>
</kw>
<kw name="Input Text" library="Selenium2Library">
<doc>Types the given ``text`` into the text field identified by ``locator``.</doc>
<arguments>
<arg>//*[@id="select2-drop"]/div/input</arg>
<arg>London</arg>
</arguments>
<msg timestamp="20210210 16:26:54.230" level="INFO">Typing text 'London' into text field '//*[@id="select2-drop"]/div/input'.</msg>
<status status="PASS" starttime="20210210 16:26:54.229" endtime="20210210 16:26:57.375"></status>
</kw>
<kw name="Click Element" library="Selenium2Library">
<doc>Click the element identified by ``locator``.</doc>
<arguments>
<arg>//*[@id="select2-drop"]/ul/li/ul/li[1]/div</arg>
</arguments>
<msg timestamp="20210210 16:26:57.381" level="INFO">Clicking element '//*[@id="select2-drop"]/ul/li/ul/li[1]/div'.</msg>
<status status="PASS" starttime="20210210 16:26:57.377" endtime="20210210 16:26:59.515"></status>
</kw>
<kw name="Input Text" library="Selenium2Library">
<doc>Types the given ``text`` into the text field identified by ``locator``.</doc>
<arguments>
<arg>//input[@name="checkin"]</arg>
<arg>31-03-2021</arg>
</arguments>
<msg timestamp="20210210 16:26:59.516" level="INFO">Typing text '31-03-2021' into text field '//input[@name="checkin"]'.</msg>
<status status="PASS" starttime="20210210 16:26:59.515" endtime="20210210 16:27:02.742"></status>
</kw>
<kw name="Input Text" library="Selenium2Library">
<doc>Types the given ``text`` into the text field identified by ``locator``.</doc>
<arguments>
<arg>//input[@name="checkout"]</arg>
<arg>30-04-2021</arg>
</arguments>
<msg timestamp="20210210 16:27:02.744" level="INFO">Typing text '30-04-2021' into text field '//input[@name="checkout"]'.</msg>
<status status="PASS" starttime="20210210 16:27:02.743" endtime="20210210 16:27:05.920"></status>
</kw>
<kw name="Click Element" library="Selenium2Library">
<doc>Click the element identified by ``locator``.</doc>
<arguments>
<arg>//button[@class="btn btn-primary btn-block"]</arg>
</arguments>
<msg timestamp="20210210 16:27:05.923" level="INFO">Clicking element '//button[@class="btn btn-primary btn-block"]'.</msg>
<status status="PASS" starttime="20210210 16:27:05.921" endtime="20210210 16:27:10.740"></status>
</kw>
<kw name="Click Link" library="Selenium2Library">
<doc>Clicks a link identified by ``locator``.</doc>
<arguments>
<arg>//div[@Class='ml-auto rtl-mr-auto o1']/a</arg>
</arguments>
<msg timestamp="20210210 16:27:10.742" level="INFO">Clicking link '//div[@Class='ml-auto rtl-mr-auto o1']/a'.</msg>
<status status="PASS" starttime="20210210 16:27:10.741" endtime="20210210 16:27:19.399"></status>
</kw>
<kw name="Close Browser" library="Selenium2Library">
<doc>Closes the current browser.</doc>
<status status="PASS" starttime="20210210 16:27:19.399" endtime="20210210 16:27:22.738"></status>
</kw>
<status status="PASS" starttime="20210210 16:26:43.113" endtime="20210210 16:27:22.740" critical="yes"></status>
</test>
<doc>A test suite with a single test for PHPTRAVELS | Travel Technology Partner
Created by hats' Robotcorder</doc>
<status status="PASS" starttime="20210210 16:26:41.293" endtime="20210210 16:27:22.743"></status>
</suite>
<status status="PASS" starttime="20210210 16:26:41.213" endtime="20210210 16:27:22.799"></status>
</suite>
<status status="PASS" starttime="20210210 16:26:41.096" endtime="20210210 16:27:22.845"></status>
</suite>
<status status="PASS" starttime="20210210 16:26:40.922" endtime="20210210 16:27:22.887"></status>
</suite>
<statistics>
<total>
<stat pass="1" fail="0">Critical Tests</stat>
<stat pass="1" fail="0">All Tests</stat>
</total>
<tag>
</tag>
<suite>
<stat pass="1" fail="0" id="s1" name="RobotFramework">RobotFramework</stat>
<stat pass="1" fail="0" id="s1-s1" name="RobotTest">RobotFramework.RobotTest</stat>
<stat pass="1" fail="0" id="s1-s1-s1" name="TestCases">RobotFramework.RobotTest.TestCases</stat>
<stat pass="1" fail="0" id="s1-s1-s1-s1" name="DataDrivenTesting">RobotFramework.RobotTest.TestCases.DataDrivenTesting</stat>
</suite>
</statistics>
<errors>
</errors>
</robot>
