<?xml version="1.0" encoding="UTF-8"?>
<robot generator="Robot 3.2.1 (Python 3.8.3 on win32)" generated="20210202 09:17:37.869" rpa="false">
<suite id="s1" name="RobotFramework" source="P:\Desktop\GitHub\RobotFramework">
<suite id="s1-s1" name="RobotTest" source="P:\Desktop\GitHub\RobotFramework\RobotTest">
<suite id="s1-s1-s1" name="TestCases" source="P:\Desktop\GitHub\RobotFramework\RobotTest\TestCases">
<suite id="s1-s1-s1-s1" name="Test My Store" source="P:\Desktop\GitHub\RobotFramework\RobotTest\TestCases\Test My Store.robot">
<test id="s1-s1-s1-s1-t1" name="TC001">
<kw name="Launch the website" library="LandingPage">
<kw name="Set Selenium Speed" library="Selenium2Library">
<doc>Sets the delay that is waited after each Selenium command.</doc>
<arguments>
<arg>5</arg>
</arguments>
<status status="PASS" starttime="20210202 09:17:39.668" endtime="20210202 09:17:39.670"></status>
</kw>
<kw name="Open Browser" library="Selenium2Library">
<doc>Opens a new browser instance to the optional ``url``.</doc>
<arguments>
<arg>${url}</arg>
<arg>Chrome</arg>
</arguments>
<msg timestamp="20210202 09:17:39.671" level="INFO">Opening browser 'Chrome' to base url 'http://automationpractice.com/index.php'.</msg>
<status status="PASS" starttime="20210202 09:17:39.670" endtime="20210202 09:17:48.712"></status>
</kw>
<kw name="Maximize Browser Window" library="Selenium2Library">
<doc>Maximizes current browser window.</doc>
<status status="PASS" starttime="20210202 09:17:48.713" endtime="20210202 09:17:54.748"></status>
</kw>
<kw name="Get Title" library="Selenium2Library">
<doc>Returns the title of the current page.</doc>
<assign>
<var>${title}</var>
</assign>
<msg timestamp="20210202 09:17:59.763" level="INFO">${title} = My Store</msg>
<status status="PASS" starttime="20210202 09:17:54.748" endtime="20210202 09:17:59.763"></status>
</kw>
<kw name="Log To Console" library="BuiltIn">
<doc>Logs the given message to the console.</doc>
<arguments>
<arg>${title}</arg>
</arguments>
<status status="PASS" starttime="20210202 09:17:59.763" endtime="20210202 09:17:59.765"></status>
</kw>
<kw name="Close Browser" library="Selenium2Library">
<doc>Closes the current browser.</doc>
<status status="PASS" starttime="20210202 09:17:59.766" endtime="20210202 09:18:06.895"></status>
</kw>
<status status="PASS" starttime="20210202 09:17:39.667" endtime="20210202 09:18:06.896"></status>
</kw>
<timeout value="50 seconds"></timeout>
<status status="PASS" starttime="20210202 09:17:39.666" endtime="20210202 09:18:06.896" critical="yes"></status>
</test>
<doc>This is test again</doc>
<status status="PASS" starttime="20210202 09:17:38.501" endtime="20210202 09:18:06.898"></status>
</suite>
<status status="PASS" starttime="20210202 09:17:38.424" endtime="20210202 09:18:06.944"></status>
</suite>
<status status="PASS" starttime="20210202 09:17:38.351" endtime="20210202 09:18:06.972"></status>
</suite>
<status status="PASS" starttime="20210202 09:17:38.194" endtime="20210202 09:18:07.003"></status>
</suite>
<statistics>
<total>
<stat pass="1" fail="0">Critical Tests</stat>
<stat pass="1" fail="0">All Tests</stat>
</total>
<tag>
</tag>
<suite>
<stat pass="1" fail="0" id="s1" name="RobotFramework">RobotFramework</stat>
<stat pass="1" fail="0" id="s1-s1" name="RobotTest">RobotFramework.RobotTest</stat>
<stat pass="1" fail="0" id="s1-s1-s1" name="TestCases">RobotFramework.RobotTest.TestCases</stat>
<stat pass="1" fail="0" id="s1-s1-s1-s1" name="Test My Store">RobotFramework.RobotTest.TestCases.Test My Store</stat>
</suite>
</statistics>
<errors>
<msg timestamp="20210202 09:17:37.732" level="ERROR">Error in file 'P:\Desktop\GitHub\RobotFramework\RobotTest\TestCases\Test My Store.robot' on line 6: Non-existing setting 'Set Selenium Speed'.</msg>
<msg timestamp="20210202 09:17:39.505" level="ERROR">Error in file 'P:\Desktop\GitHub\RobotFramework\RobotTest\PageObjects\LandingPage.robot' on line 3: Non-existing setting 'Set Selenium Speed'.</msg>
</errors>
</robot>
