<?xml version="1.0" encoding="UTF-8"?>
<robot generator="Robot 3.2.1 (Python 3.8.3 on win32)" generated="20210211 14:17:32.078" rpa="false">
<suite id="s1" name="RobotFramework" source="P:\Desktop\GitHub\RobotFramework">
<suite id="s1-s1" name="RobotTest" source="P:\Desktop\GitHub\RobotFramework\RobotTest">
<suite id="s1-s1-s1" name="TestCases" source="P:\Desktop\GitHub\RobotFramework\RobotTest\TestCases">
<suite id="s1-s1-s1-s1" name="CreateNewAccountUser" source="P:\Desktop\GitHub\RobotFramework\RobotTest\TestCases\CreateNewAccountUser.robot">
<test id="s1-s1-s1-s1-t1" name="Create a New Account">
<kw name="Login to Qdos" library="QDOSLogin">
<kw name="Set Selenium Speed" library="Selenium2Library">
<doc>Sets the delay that is waited after each Selenium command.</doc>
<arguments>
<arg>1</arg>
</arguments>
<status status="PASS" starttime="20210211 14:17:36.825" endtime="20210211 14:17:36.826"></status>
</kw>
<kw name="Element Locator" library="QDOSLogin">
<arguments>
<arg>QDOSLogin.url</arg>
</arguments>
<assign>
<var>${url}</var>
</assign>
<kw name="Read Locator From Json" library="ReadLocator">
<arguments>
<arg>${locator}</arg>
</arguments>
<assign>
<var>${result}</var>
</assign>
<msg timestamp="20210211 14:17:36.881" level="INFO">${result} = http://qdosstatusreviewtest.tmhcc.com/</msg>
<status status="PASS" starttime="20210211 14:17:36.827" endtime="20210211 14:17:36.881"></status>
</kw>
<msg timestamp="20210211 14:17:36.882" level="INFO">${url} = http://qdosstatusreviewtest.tmhcc.com/</msg>
<status status="PASS" starttime="20210211 14:17:36.826" endtime="20210211 14:17:36.882"></status>
</kw>
<kw name="Open Browser" library="Selenium2Library">
<doc>Opens a new browser instance to the optional ``url``.</doc>
<arguments>
<arg>${url}</arg>
<arg>${BROWSER}</arg>
</arguments>
<msg timestamp="20210211 14:17:36.884" level="INFO">Opening browser 'Chrome' to base url 'http://qdosstatusreviewtest.tmhcc.com/'.</msg>
<status status="PASS" starttime="20210211 14:17:36.883" endtime="20210211 14:17:43.275"></status>
</kw>
<kw name="Maximize Browser Window" library="Selenium2Library">
<doc>Maximizes current browser window.</doc>
<status status="PASS" starttime="20210211 14:17:43.276" endtime="20210211 14:17:44.500"></status>
</kw>
<kw name="Element Locator" library="QDOSLogin">
<arguments>
<arg>QDOSLogin.usernamxpath</arg>
</arguments>
<assign>
<var>${usernamexpath}</var>
</assign>
<kw name="Read Locator From Json" library="ReadLocator">
<arguments>
<arg>${locator}</arg>
</arguments>
<assign>
<var>${result}</var>
</assign>
<msg timestamp="20210211 14:17:44.536" level="INFO">${result} = //*[@id='EmailAddress']</msg>
<status status="PASS" starttime="20210211 14:17:44.502" endtime="20210211 14:17:44.536"></status>
</kw>
<msg timestamp="20210211 14:17:44.537" level="INFO">${usernamexpath} = //*[@id='EmailAddress']</msg>
<status status="PASS" starttime="20210211 14:17:44.501" endtime="20210211 14:17:44.537"></status>
</kw>
<kw name="Element Locator" library="QDOSLogin">
<arguments>
<arg>QDOSLogin.username</arg>
</arguments>
<assign>
<var>${username}</var>
</assign>
<kw name="Read Locator From Json" library="ReadLocator">
<arguments>
<arg>${locator}</arg>
</arguments>
<assign>
<var>${result}</var>
</assign>
<msg timestamp="20210211 14:17:44.574" level="INFO">${result} = qdosuser@test.com</msg>
<status status="PASS" starttime="20210211 14:17:44.538" endtime="20210211 14:17:44.574"></status>
</kw>
<msg timestamp="20210211 14:17:44.576" level="INFO">${username} = qdosuser@test.com</msg>
<status status="PASS" starttime="20210211 14:17:44.537" endtime="20210211 14:17:44.576"></status>
</kw>
<kw name="Input Text" library="Selenium2Library">
<doc>Types the given ``text`` into the text field identified by ``locator``.</doc>
<arguments>
<arg>${usernamexpath}</arg>
<arg>${username}</arg>
</arguments>
<msg timestamp="20210211 14:17:44.578" level="INFO">Typing text 'qdosuser@test.com' into text field '//*[@id='EmailAddress']'.</msg>
<status status="PASS" starttime="20210211 14:17:44.577" endtime="20210211 14:17:47.802"></status>
</kw>
<kw name="Element Locator" library="QDOSLogin">
<arguments>
<arg>QDOSLogin.passwordxpath</arg>
</arguments>
<assign>
<var>${passwordxpath}</var>
</assign>
<kw name="Read Locator From Json" library="ReadLocator">
<arguments>
<arg>${locator}</arg>
</arguments>
<assign>
<var>${result}</var>
</assign>
<msg timestamp="20210211 14:17:47.846" level="INFO">${result} = //*[@id='Password']</msg>
<status status="PASS" starttime="20210211 14:17:47.804" endtime="20210211 14:17:47.846"></status>
</kw>
<msg timestamp="20210211 14:17:47.848" level="INFO">${passwordxpath} = //*[@id='Password']</msg>
<status status="PASS" starttime="20210211 14:17:47.802" endtime="20210211 14:17:47.848"></status>
</kw>
<kw name="Element Locator" library="QDOSLogin">
<arguments>
<arg>QDOSLogin.password</arg>
</arguments>
<assign>
<var>${password}</var>
</assign>
<kw name="Read Locator From Json" library="ReadLocator">
<arguments>
<arg>${locator}</arg>
</arguments>
<assign>
<var>${result}</var>
</assign>
<msg timestamp="20210211 14:17:47.881" level="INFO">${result} = Password@123</msg>
<status status="PASS" starttime="20210211 14:17:47.850" endtime="20210211 14:17:47.882"></status>
</kw>
<msg timestamp="20210211 14:17:47.883" level="INFO">${password} = Password@123</msg>
<status status="PASS" starttime="20210211 14:17:47.848" endtime="20210211 14:17:47.884"></status>
</kw>
<kw name="Input Text" library="Selenium2Library">
<doc>Types the given ``text`` into the text field identified by ``locator``.</doc>
<arguments>
<arg>${passwordxpath}</arg>
<arg>${password}</arg>
</arguments>
<msg timestamp="20210211 14:17:47.886" level="INFO">Typing text 'Password@123' into text field '//*[@id='Password']'.</msg>
<status status="PASS" starttime="20210211 14:17:47.884" endtime="20210211 14:17:51.181"></status>
</kw>
<kw name="Element Locator" library="QDOSLogin">
<arguments>
<arg>QDOSLogin.loginbutton</arg>
</arguments>
<assign>
<var>${Loginbutton}</var>
</assign>
<kw name="Read Locator From Json" library="ReadLocator">
<arguments>
<arg>${locator}</arg>
</arguments>
<assign>
<var>${result}</var>
</assign>
<msg timestamp="20210211 14:17:51.210" level="INFO">${result} = //*[@class='row']/div/div/button</msg>
<status status="PASS" starttime="20210211 14:17:51.183" endtime="20210211 14:17:51.211"></status>
</kw>
<msg timestamp="20210211 14:17:51.211" level="INFO">${Loginbutton} = //*[@class='row']/div/div/button</msg>
<status status="PASS" starttime="20210211 14:17:51.182" endtime="20210211 14:17:51.211"></status>
</kw>
<kw name="Click Button" library="Selenium2Library">
<doc>Clicks the button identified by ``locator``.</doc>
<arguments>
<arg>${Loginbutton}</arg>
</arguments>
<msg timestamp="20210211 14:17:51.212" level="INFO">Clicking button '//*[@class='row']/div/div/button'.</msg>
<status status="PASS" starttime="20210211 14:17:51.212" endtime="20210211 14:17:58.688"></status>
</kw>
<status status="PASS" starttime="20210211 14:17:36.824" endtime="20210211 14:17:58.689"></status>
</kw>
<status status="PASS" starttime="20210211 14:17:36.822" endtime="20210211 14:17:58.690" critical="yes"></status>
</test>
<kw name="Suite shutdown" type="teardown">
<kw name="Close Browser" library="Selenium2Library">
<doc>Closes the current browser.</doc>
<status status="PASS" starttime="20210211 14:17:58.696" endtime="20210211 14:18:02.102"></status>
</kw>
<status status="PASS" starttime="20210211 14:17:58.694" endtime="20210211 14:18:02.104"></status>
</kw>
<doc>This is a test</doc>
<status status="PASS" starttime="20210211 14:17:33.490" endtime="20210211 14:18:02.104"></status>
</suite>
<status status="PASS" starttime="20210211 14:17:33.409" endtime="20210211 14:18:02.157"></status>
</suite>
<status status="PASS" starttime="20210211 14:17:32.967" endtime="20210211 14:18:02.189"></status>
</suite>
<status status="PASS" starttime="20210211 14:17:32.734" endtime="20210211 14:18:02.238"></status>
</suite>
<statistics>
<total>
<stat pass="1" fail="0">Critical Tests</stat>
<stat pass="1" fail="0">All Tests</stat>
</total>
<tag>
</tag>
<suite>
<stat pass="1" fail="0" id="s1" name="RobotFramework">RobotFramework</stat>
<stat pass="1" fail="0" id="s1-s1" name="RobotTest">RobotFramework.RobotTest</stat>
<stat pass="1" fail="0" id="s1-s1-s1" name="TestCases">RobotFramework.RobotTest.TestCases</stat>
<stat pass="1" fail="0" id="s1-s1-s1-s1" name="CreateNewAccountUser">RobotFramework.RobotTest.TestCases.CreateNewAccountUser</stat>
</suite>
</statistics>
<errors>
</errors>
</robot>
